Started GET "/" for ::1 at 2020-06-20 12:54:38 -0400

ActiveRecord::NoDatabaseError - FATAL:  database "NinetyNineCats_development" does not exist
:

Started POST "/__better_errors/e9b23d6dbf107365/variables" for ::1 at 2020-06-20 12:54:38 -0400
  [1m[35m (177.6ms)[0m  [1m[35mCREATE DATABASE "NinetyNineCats_development" ENCODING = 'unicode'[0m
  ↳ /usr/share/rubygems-integration/all/gems/rake-13.0.1/lib/rake/task.rb:281
  [1m[35m (107.3ms)[0m  [1m[35mCREATE DATABASE "NinetyNineCats_test" ENCODING = 'unicode'[0m
  ↳ /usr/share/rubygems-integration/all/gems/rake-13.0.1/lib/rake/task.rb:281
Started GET "/" for ::1 at 2020-06-20 12:54:57 -0400
Processing by Rails::WelcomeController#index as HTML
  Rendering /var/lib/gems/2.7.0/gems/railties-5.2.4.3/lib/rails/templates/rails/welcome/index.html.erb
  Rendered /var/lib/gems/2.7.0/gems/railties-5.2.4.3/lib/rails/templates/rails/welcome/index.html.erb (2.0ms)
Completed 200 OK in 10ms (Views: 5.7ms | ActiveRecord: 0.0ms)


  [1m[35m (14.5ms)[0m  [1m[35mCREATE TABLE "schema_migrations" ("version" character varying NOT NULL PRIMARY KEY)[0m
  ↳ /usr/share/rubygems-integration/all/gems/rake-13.0.1/lib/rake/task.rb:281
  [1m[35m (9.3ms)[0m  [1m[35mCREATE TABLE "ar_internal_metadata" ("key" character varying NOT NULL PRIMARY KEY, "value" character varying, "created_at" timestamp NOT NULL, "updated_at" timestamp NOT NULL)[0m
  ↳ /usr/share/rubygems-integration/all/gems/rake-13.0.1/lib/rake/task.rb:281
  [1m[35m (0.3ms)[0m  [1m[34mSELECT pg_try_advisory_lock(4867400193759934845)[0m
  ↳ /usr/share/rubygems-integration/all/gems/rake-13.0.1/lib/rake/task.rb:281
  [1m[35m (0.5ms)[0m  [1m[34mSELECT "schema_migrations"."version" FROM "schema_migrations" ORDER BY "schema_migrations"."version" ASC[0m
  ↳ /usr/share/rubygems-integration/all/gems/rake-13.0.1/lib/rake/task.rb:281
Migrating to CreateCats (20200620165945)
  [1m[35m (0.2ms)[0m  [1m[35mBEGIN[0m
  ↳ /usr/share/rubygems-integration/all/gems/rake-13.0.1/lib/rake/task.rb:281
  [1m[35m (11.3ms)[0m  [1m[35mCREATE TABLE "cats" ("id" bigserial primary key, "name" character varying NOT NULL, "color" character varying NOT NULL, "sex" character varying(1) NOT NULL, "description" text NOT NULL, "birth_date" date NOT NULL, "created_at" timestamp NOT NULL, "updated_at" timestamp NOT NULL)[0m
  ↳ db/migrate/20200620165945_create_cats.rb:3
  [1m[36mActiveRecord::SchemaMigration Create (0.3ms)[0m  [1m[32mINSERT INTO "schema_migrations" ("version") VALUES ($1) RETURNING "version"[0m  [["version", "20200620165945"]]
  ↳ /usr/share/rubygems-integration/all/gems/rake-13.0.1/lib/rake/task.rb:281
  [1m[35m (2.0ms)[0m  [1m[35mCOMMIT[0m
  ↳ /usr/share/rubygems-integration/all/gems/rake-13.0.1/lib/rake/task.rb:281
  [1m[36mActiveRecord::InternalMetadata Load (0.3ms)[0m  [1m[34mSELECT  "ar_internal_metadata".* FROM "ar_internal_metadata" WHERE "ar_internal_metadata"."key" = $1 LIMIT $2[0m  [["key", "environment"], ["LIMIT", 1]]
  ↳ /usr/share/rubygems-integration/all/gems/rake-13.0.1/lib/rake/task.rb:281
  [1m[35m (0.2ms)[0m  [1m[35mBEGIN[0m
  ↳ /usr/share/rubygems-integration/all/gems/rake-13.0.1/lib/rake/task.rb:281
  [1m[36mActiveRecord::InternalMetadata Create (0.3ms)[0m  [1m[32mINSERT INTO "ar_internal_metadata" ("key", "value", "created_at", "updated_at") VALUES ($1, $2, $3, $4) RETURNING "key"[0m  [["key", "environment"], ["value", "development"], ["created_at", "2020-06-20 17:05:18.920920"], ["updated_at", "2020-06-20 17:05:18.920920"]]
  ↳ /usr/share/rubygems-integration/all/gems/rake-13.0.1/lib/rake/task.rb:281
  [1m[35m (1.7ms)[0m  [1m[35mCOMMIT[0m
  ↳ /usr/share/rubygems-integration/all/gems/rake-13.0.1/lib/rake/task.rb:281
  [1m[35m (0.2ms)[0m  [1m[34mSELECT pg_advisory_unlock(4867400193759934845)[0m
  ↳ /usr/share/rubygems-integration/all/gems/rake-13.0.1/lib/rake/task.rb:281
  [1m[35m (0.3ms)[0m  [1m[34mSELECT "schema_migrations"."version" FROM "schema_migrations" ORDER BY "schema_migrations"."version" ASC[0m
  ↳ /usr/share/rubygems-integration/all/gems/rake-13.0.1/lib/rake/task.rb:281
  [1m[35m (0.3ms)[0m  [1m[34mSELECT "schema_migrations"."version" FROM "schema_migrations" ORDER BY "schema_migrations"."version" ASC[0m
  ↳ /usr/share/rubygems-integration/all/gems/rake-13.0.1/lib/rake/task.rb:281
  [1m[35m (0.3ms)[0m  [1m[34mSELECT "schema_migrations"."version" FROM "schema_migrations" ORDER BY "schema_migrations"."version" ASC[0m
  ↳ /usr/local/bin/annotate:23
Started GET "/" for ::1 at 2020-06-20 13:20:16 -0400
  [1m[35m (0.4ms)[0m  [1m[34mSELECT "schema_migrations"."version" FROM "schema_migrations" ORDER BY "schema_migrations"."version" ASC[0m
  ↳ /var/lib/gems/2.7.0/gems/activerecord-5.2.4.3/lib/active_record/log_subscriber.rb:98
Processing by Rails::WelcomeController#index as HTML
  Rendering /var/lib/gems/2.7.0/gems/railties-5.2.4.3/lib/rails/templates/rails/welcome/index.html.erb
  Rendered /var/lib/gems/2.7.0/gems/railties-5.2.4.3/lib/rails/templates/rails/welcome/index.html.erb (1.5ms)
Completed 200 OK in 3ms (Views: 2.2ms | ActiveRecord: 0.0ms)


Started GET "/" for ::1 at 2020-06-20 13:24:33 -0400
Processing by Rails::WelcomeController#index as HTML
  Rendering /var/lib/gems/2.7.0/gems/railties-5.2.4.3/lib/rails/templates/rails/welcome/index.html.erb
  Rendered /var/lib/gems/2.7.0/gems/railties-5.2.4.3/lib/rails/templates/rails/welcome/index.html.erb (2.2ms)
Completed 200 OK in 4ms (Views: 3.3ms | ActiveRecord: 0.0ms)


Started GET "/cats" for ::1 at 2020-06-20 13:24:36 -0400

ActionController::RoutingError - uninitialized constant CatsController:

Started POST "/__better_errors/1bf79b329c88e60b/variables" for ::1 at 2020-06-20 13:24:36 -0400
Started GET "/cats" for ::1 at 2020-06-20 13:25:19 -0400

AbstractController::ActionNotFound - The action 'index' could not be found for CatsController:

Started POST "/__better_errors/5bba28e4eeaa7351/variables" for ::1 at 2020-06-20 13:25:19 -0400
Started GET "/cats" for ::1 at 2020-06-20 13:25:31 -0400
Processing by CatsController#index as HTML
Completed 406 Not Acceptable in 5ms (ActiveRecord: 0.0ms)



ActionController::UnknownFormat - CatsController#index is missing a template for this request format and variant.

request.formats: ["text/html"]
request.variant: []

NOTE! For XHR/Ajax or API requests, this action would normally respond with 204 No Content: an empty white screen. Since you're loading it in a web browser, we assume that you expected to actually render a template, not nothing, so we're showing an error to be extra-clear. If you expect 204 No Content, carry on. That's what you'll get from an XHR or API request. Give it a shot.:

Started POST "/__better_errors/0688bad9b2bf7800/variables" for ::1 at 2020-06-20 13:25:31 -0400
Started GET "/cats" for ::1 at 2020-06-20 13:25:55 -0400
Processing by CatsController#index as HTML
  [1m[36mCat Load (0.5ms)[0m  [1m[34mSELECT "cats".* FROM "cats"[0m
  ↳ app/controllers/cats_controller.rb:4
Completed 200 OK in 8ms (Views: 1.4ms | ActiveRecord: 1.7ms)


Started GET "/cats" for ::1 at 2020-06-20 13:27:12 -0400
Processing by CatsController#index as HTML
  Rendering cats/index.html.erb within layouts/application
  Rendered cats/index.html.erb within layouts/application (0.8ms)
Completed 200 OK in 165ms (Views: 162.8ms | ActiveRecord: 0.0ms)


Started GET "/cats" for ::1 at 2020-06-20 13:27:44 -0400
Processing by CatsController#index as HTML
  Rendering cats/index.html.erb within layouts/application
  Rendered cats/index.html.erb within layouts/application (0.8ms)
Completed 200 OK in 7ms (Views: 6.0ms | ActiveRecord: 0.0ms)


Started GET "/cats" for ::1 at 2020-06-20 13:28:02 -0400
Processing by CatsController#index as HTML
  Rendering cats/index.html.erb within layouts/application
  Rendered cats/index.html.erb within layouts/application (1.0ms)
Completed 200 OK in 7ms (Views: 6.4ms | ActiveRecord: 0.0ms)


Started GET "/cats" for ::1 at 2020-06-20 13:28:56 -0400
Processing by CatsController#index as HTML
  Rendering cats/index.html.erb within layouts/application
  Rendered cats/index.html.erb within layouts/application (0.3ms)
Completed 200 OK in 5ms (Views: 4.1ms | ActiveRecord: 0.0ms)


Started GET "/cats/1" for ::1 at 2020-06-20 13:40:47 -0400
Processing by CatsController#show as HTML
  Parameters: {"id"=>"1"}
  [1m[36mCat Load (0.3ms)[0m  [1m[34mSELECT  "cats".* FROM "cats" WHERE "cats"."id" = $1 LIMIT $2[0m  [["id", 1], ["LIMIT", 1]]
  ↳ app/controllers/cats_controller.rb:9
Completed 200 OK in 8ms (Views: 0.1ms | ActiveRecord: 3.6ms)


  [1m[35m (0.3ms)[0m  [1m[34mSELECT "schema_migrations"."version" FROM "schema_migrations" ORDER BY "schema_migrations"."version" ASC[0m
  ↳ /usr/share/rubygems-integration/all/gems/rake-13.0.1/lib/rake/task.rb:281
  [1m[36mCat Destroy (0.2ms)[0m  [1m[31mDELETE FROM "cats"[0m
  ↳ db/seeds.rb:10
  [1m[35m (0.2ms)[0m  [1m[35mBEGIN[0m
  ↳ db/seeds.rb:18
  [1m[36mCat Create (0.4ms)[0m  [1m[32mINSERT INTO "cats" ("name", "color", "sex", "description", "birth_date", "created_at", "updated_at") VALUES ($1, $2, $3, $4, $5, $6, $7) RETURNING "id"[0m  [["name", "Sooty"], ["color", "Orange"], ["sex", "M"], ["description", "Ready are you? What know you of ready? For eight hundred years have I trained Jedi. My own counsel will I keep on who is to be trained. A Jedi must have the deepest commitment, the most serious mind. This one a long time have I watched. All his life has he looked away - to the future, to the horizon. Never his mind on where he was. Hmm? What he was doing. Hmph. Adventure. Heh. Excitement. Heh. A Jedi craves not these things. You are reckless."], ["birth_date", "2013-08-26"], ["created_at", "2020-06-20 17:56:18.341356"], ["updated_at", "2020-06-20 17:56:18.341356"]]
  ↳ db/seeds.rb:18
  [1m[35m (2.6ms)[0m  [1m[35mCOMMIT[0m
  ↳ db/seeds.rb:18
  [1m[35m (0.1ms)[0m  [1m[35mBEGIN[0m
  ↳ db/seeds.rb:25
  [1m[36mCat Create (0.3ms)[0m  [1m[32mINSERT INTO "cats" ("name", "color", "sex", "description", "birth_date", "created_at", "updated_at") VALUES ($1, $2, $3, $4, $5, $6, $7) RETURNING "id"[0m  [["name", "Sam"], ["color", "Black"], ["sex", "F"], ["description", "My vocabulary did this to me. Your love will let you go on…"], ["birth_date", "2014-01-23"], ["created_at", "2020-06-20 17:56:18.346679"], ["updated_at", "2020-06-20 17:56:18.346679"]]
  ↳ db/seeds.rb:25
  [1m[35m (1.6ms)[0m  [1m[35mCOMMIT[0m
  ↳ db/seeds.rb:25
  [1m[35m (0.2ms)[0m  [1m[35mBEGIN[0m
  ↳ db/seeds.rb:32
  [1m[36mCat Create (0.3ms)[0m  [1m[32mINSERT INTO "cats" ("name", "color", "sex", "description", "birth_date", "created_at", "updated_at") VALUES ($1, $2, $3, $4, $5, $6, $7) RETURNING "id"[0m  [["name", "Lucky"], ["color", "Purple"], ["sex", "M"], ["description", "Once a rattlesnake bit him, after 5 days of excruciating pain, the snake finally died"], ["birth_date", "2013-09-14"], ["created_at", "2020-06-20 17:56:18.350747"], ["updated_at", "2020-06-20 17:56:18.350747"]]
  ↳ db/seeds.rb:32
  [1m[35m (1.6ms)[0m  [1m[35mCOMMIT[0m
  ↳ db/seeds.rb:32
  [1m[35m (0.3ms)[0m  [1m[35mBEGIN[0m
  ↳ db/seeds.rb:39
  [1m[36mCat Create (0.4ms)[0m  [1m[32mINSERT INTO "cats" ("name", "color", "sex", "description", "birth_date", "created_at", "updated_at") VALUES ($1, $2, $3, $4, $5, $6, $7) RETURNING "id"[0m  [["name", "Jasper"], ["color", "White"], ["sex", "F"], ["description", "Language designers want to design the perfect language. They want to be able to say, 'My language is perfect. It can do everything.' But it's just plain impossible to design a perfect language, because there are two ways to look at a language. One way is by looking at what can be done with that language. The other is by looking at how we feel using that language-how we feel while programming."], ["birth_date", "2019-01-26"], ["created_at", "2020-06-20 17:56:18.354416"], ["updated_at", "2020-06-20 17:56:18.354416"]]
  ↳ db/seeds.rb:39
  [1m[35m (2.4ms)[0m  [1m[35mCOMMIT[0m
  ↳ db/seeds.rb:39
  [1m[35m (0.2ms)[0m  [1m[35mBEGIN[0m
  ↳ db/seeds.rb:46
  [1m[36mCat Create (0.5ms)[0m  [1m[32mINSERT INTO "cats" ("name", "color", "sex", "description", "birth_date", "created_at", "updated_at") VALUES ($1, $2, $3, $4, $5, $6, $7) RETURNING "id"[0m  [["name", "Smokey"], ["color", "Purple"], ["sex", "M"], ["description", "Soon will I rest, yes, forever sleep. Earned it I have. Twilight is upon me, soon night must fall."], ["birth_date", "2014-09-17"], ["created_at", "2020-06-20 17:56:18.359971"], ["updated_at", "2020-06-20 17:56:18.359971"]]
  ↳ db/seeds.rb:46
  [1m[35m (1.7ms)[0m  [1m[35mCOMMIT[0m
  ↳ db/seeds.rb:46
  [1m[36mCat Load (0.3ms)[0m  [1m[34mSELECT "cats".* FROM "cats"[0m
Started GET "/cats/1" for ::1 at 2020-06-20 13:57:25 -0400
Processing by CatsController#show as HTML
  Parameters: {"id"=>"1"}
  [1m[36mCat Load (0.3ms)[0m  [1m[34mSELECT  "cats".* FROM "cats" WHERE "cats"."id" = $1 LIMIT $2[0m  [["id", 1], ["LIMIT", 1]]
  ↳ app/controllers/cats_controller.rb:9
Completed 200 OK in 18ms (Views: 0.5ms | ActiveRecord: 2.6ms)


Started GET "/cats/1" for ::1 at 2020-06-20 13:58:01 -0400
Processing by CatsController#show as HTML
  Parameters: {"id"=>"1"}
  [1m[36mCat Load (0.5ms)[0m  [1m[34mSELECT  "cats".* FROM "cats" WHERE "cats"."id" = $1 LIMIT $2[0m  [["id", 1], ["LIMIT", 1]]
  ↳ app/controllers/cats_controller.rb:9
Completed 200 OK in 4ms (Views: 0.9ms | ActiveRecord: 0.5ms)


Started GET "/cats/" for ::1 at 2020-06-20 13:58:09 -0400
Processing by CatsController#index as HTML
  Rendering cats/index.html.erb within layouts/application
  Rendered cats/index.html.erb within layouts/application (0.5ms)
Completed 200 OK in 10ms (Views: 8.4ms | ActiveRecord: 0.0ms)


Started GET "/cats" for ::1 at 2020-06-20 13:58:40 -0400
Processing by CatsController#index as HTML
  Rendering cats/index.html.erb within layouts/application
  Rendered cats/index.html.erb within layouts/application (0.2ms)
Completed 200 OK in 6ms (Views: 5.0ms | ActiveRecord: 0.0ms)


Started GET "/cats" for ::1 at 2020-06-20 13:59:14 -0400
Processing by CatsController#index as HTML
  [1m[36mCat Load (0.3ms)[0m  [1m[34mSELECT "cats".* FROM "cats"[0m
  ↳ app/controllers/cats_controller.rb:5
Completed 200 OK in 12ms (Views: 5.5ms | ActiveRecord: 3.6ms)


Started GET "/cats" for ::1 at 2020-06-20 14:02:32 -0400
Processing by CatsController#index as HTML
  Rendering cats/index.html.erb within layouts/application
  Rendered cats/index.html.erb within layouts/application (6.3ms)
Completed 500 Internal Server Error in 11ms (ActiveRecord: 0.0ms)



ActionView::Template::Error - uninitialized constant ActionView::CompiledTemplates::Hi:
  app/views/cats/index.html.erb:3:in `view template'
  app/controllers/cats_controller.rb:4:in `index'

Started POST "/__better_errors/69cb56f28f69fd39/variables" for ::1 at 2020-06-20 14:02:32 -0400
  [1m[36mCat Load (0.6ms)[0m  [1m[34mSELECT  "cats".* FROM "cats" LIMIT $1[0m  [["LIMIT", 11]]
  ↳ /var/lib/gems/2.7.0/gems/activerecord-5.2.4.3/lib/active_record/log_subscriber.rb:98
Started GET "/cats" for ::1 at 2020-06-20 14:02:45 -0400
Processing by CatsController#index as HTML
  Rendering cats/index.html.erb within layouts/application
  Rendered cats/index.html.erb within layouts/application (1.2ms)
Completed 200 OK in 7ms (Views: 6.2ms | ActiveRecord: 0.0ms)


Started GET "/cats" for ::1 at 2020-06-20 14:02:56 -0400
Processing by CatsController#index as HTML
  Rendering cats/index.html.erb within layouts/application
  Rendered cats/index.html.erb within layouts/application (1.1ms)
Completed 200 OK in 8ms (Views: 7.2ms | ActiveRecord: 0.0ms)


Started GET "/cats" for ::1 at 2020-06-20 14:04:40 -0400
Processing by CatsController#index as HTML
  Rendering cats/index.html.erb within layouts/application
  [1m[36mCat Load (0.6ms)[0m  [1m[34mSELECT "cats".* FROM "cats"[0m
  ↳ app/views/cats/index.html.erb:3
  Rendered cats/index.html.erb within layouts/application (3.8ms)
Completed 200 OK in 12ms (Views: 9.8ms | ActiveRecord: 0.6ms)


Started GET "/cats" for ::1 at 2020-06-20 14:07:03 -0400
Processing by CatsController#index as HTML
  Rendering cats/index.html.erb within layouts/application
  [1m[36mCat Load (1.0ms)[0m  [1m[34mSELECT "cats".* FROM "cats"[0m
  ↳ app/views/cats/index.html.erb:3
  Rendered cats/index.html.erb within layouts/application (4.5ms)
Completed 200 OK in 10ms (Views: 8.3ms | ActiveRecord: 1.0ms)


Started GET "/cats" for ::1 at 2020-06-20 14:09:01 -0400
Processing by CatsController#index as HTML
  Rendering cats/index.html.erb within layouts/application
  [1m[36mCat Load (0.7ms)[0m  [1m[34mSELECT "cats".* FROM "cats"[0m
  ↳ app/views/cats/index.html.erb:5
  Rendered cats/index.html.erb within layouts/application (3.7ms)
Completed 200 OK in 10ms (Views: 7.7ms | ActiveRecord: 0.7ms)


Started GET "/cats" for ::1 at 2020-06-20 14:11:07 -0400
Processing by CatsController#index as HTML
  Rendering cats/index.html.erb within layouts/application
  [1m[36mCat Load (0.4ms)[0m  [1m[34mSELECT "cats".* FROM "cats"[0m
  ↳ app/views/cats/index.html.erb:5
  Rendered cats/index.html.erb within layouts/application (2.4ms)
Completed 200 OK in 8ms (Views: 6.3ms | ActiveRecord: 0.4ms)


Started GET "/cats/1" for ::1 at 2020-06-20 14:11:11 -0400
Processing by CatsController#show as HTML
  Parameters: {"id"=>"1"}
  [1m[36mCat Load (1.2ms)[0m  [1m[34mSELECT  "cats".* FROM "cats" WHERE "cats"."id" = $1 LIMIT $2[0m  [["id", 1], ["LIMIT", 1]]
  ↳ app/controllers/cats_controller.rb:9
Completed 200 OK in 7ms (Views: 0.7ms | ActiveRecord: 1.2ms)


Started GET "/cats/1" for ::1 at 2020-06-20 14:11:28 -0400
Processing by CatsController#show as HTML
  Parameters: {"id"=>"1"}
  [1m[36mCat Load (0.3ms)[0m  [1m[34mSELECT  "cats".* FROM "cats" WHERE "cats"."id" = $1 LIMIT $2[0m  [["id", 1], ["LIMIT", 1]]
  ↳ app/controllers/cats_controller.rb:9
  Rendering cats/show.html.erb within layouts/application
  Rendered cats/show.html.erb within layouts/application (0.8ms)
Completed 200 OK in 22ms (Views: 7.3ms | ActiveRecord: 3.7ms)


Started GET "/cats/2" for ::1 at 2020-06-20 14:11:39 -0400
Processing by CatsController#show as HTML
  Parameters: {"id"=>"2"}
  [1m[36mCat Load (0.4ms)[0m  [1m[34mSELECT  "cats".* FROM "cats" WHERE "cats"."id" = $1 LIMIT $2[0m  [["id", 2], ["LIMIT", 1]]
  ↳ app/controllers/cats_controller.rb:9
  Rendering cats/show.html.erb within layouts/application
  Rendered cats/show.html.erb within layouts/application (0.5ms)
Completed 200 OK in 7ms (Views: 3.8ms | ActiveRecord: 0.4ms)


Started GET "/cats/3" for ::1 at 2020-06-20 14:11:42 -0400
Processing by CatsController#show as HTML
  Parameters: {"id"=>"3"}
  [1m[36mCat Load (0.8ms)[0m  [1m[34mSELECT  "cats".* FROM "cats" WHERE "cats"."id" = $1 LIMIT $2[0m  [["id", 3], ["LIMIT", 1]]
  ↳ app/controllers/cats_controller.rb:9
  Rendering cats/show.html.erb within layouts/application
  Rendered cats/show.html.erb within layouts/application (0.6ms)
Completed 200 OK in 8ms (Views: 4.5ms | ActiveRecord: 0.8ms)


Started GET "/cats/4" for ::1 at 2020-06-20 14:11:45 -0400
Processing by CatsController#show as HTML
  Parameters: {"id"=>"4"}
  [1m[36mCat Load (1.1ms)[0m  [1m[34mSELECT  "cats".* FROM "cats" WHERE "cats"."id" = $1 LIMIT $2[0m  [["id", 4], ["LIMIT", 1]]
  ↳ app/controllers/cats_controller.rb:9
  Rendering cats/show.html.erb within layouts/application
  Rendered cats/show.html.erb within layouts/application (0.5ms)
Completed 200 OK in 9ms (Views: 4.7ms | ActiveRecord: 1.1ms)


Started GET "/cats/5" for ::1 at 2020-06-20 14:11:47 -0400
Processing by CatsController#show as HTML
  Parameters: {"id"=>"5"}
  [1m[36mCat Load (0.9ms)[0m  [1m[34mSELECT  "cats".* FROM "cats" WHERE "cats"."id" = $1 LIMIT $2[0m  [["id", 5], ["LIMIT", 1]]
  ↳ app/controllers/cats_controller.rb:9
  Rendering cats/show.html.erb within layouts/application
  Rendered cats/show.html.erb within layouts/application (0.6ms)
Completed 200 OK in 10ms (Views: 5.7ms | ActiveRecord: 0.9ms)


Started GET "/cats/1" for ::1 at 2020-06-20 14:13:23 -0400
Processing by CatsController#show as HTML
  Parameters: {"id"=>"1"}
  [1m[36mCat Load (0.4ms)[0m  [1m[34mSELECT  "cats".* FROM "cats" WHERE "cats"."id" = $1 LIMIT $2[0m  [["id", 1], ["LIMIT", 1]]
  ↳ app/controllers/cats_controller.rb:9
  Rendering cats/show.html.erb within layouts/application
  Rendered cats/show.html.erb within layouts/application (0.3ms)
Completed 200 OK in 6ms (Views: 3.4ms | ActiveRecord: 0.4ms)


Started GET "/cats/2" for ::1 at 2020-06-20 14:13:26 -0400
Processing by CatsController#show as HTML
  Parameters: {"id"=>"2"}
  [1m[36mCat Load (0.7ms)[0m  [1m[34mSELECT  "cats".* FROM "cats" WHERE "cats"."id" = $1 LIMIT $2[0m  [["id", 2], ["LIMIT", 1]]
  ↳ app/controllers/cats_controller.rb:9
  Rendering cats/show.html.erb within layouts/application
  Rendered cats/show.html.erb within layouts/application (0.4ms)
Completed 200 OK in 7ms (Views: 3.9ms | ActiveRecord: 0.7ms)


Started GET "/cats/3" for ::1 at 2020-06-20 14:13:31 -0400
Processing by CatsController#show as HTML
  Parameters: {"id"=>"3"}
  [1m[36mCat Load (0.5ms)[0m  [1m[34mSELECT  "cats".* FROM "cats" WHERE "cats"."id" = $1 LIMIT $2[0m  [["id", 3], ["LIMIT", 1]]
  ↳ app/controllers/cats_controller.rb:9
  Rendering cats/show.html.erb within layouts/application
  Rendered cats/show.html.erb within layouts/application (0.3ms)
Completed 200 OK in 7ms (Views: 4.0ms | ActiveRecord: 0.5ms)


